1.ProgramacionMultimedia/AlarmaLlamada/app/build/intermediates/manifest_merge_blame_file/debug/manifest-merger-blame-debug-report.txt
1<?xml version="1.0" encoding="utf-8"?>
2<manifest xmlns:android="http://schemas.android.com/apk/res/android"
3    package="com.example.alarmallamada"
4    android:versionCode="1"
5    android:versionName="1.0" >
6
7    <uses-sdk
8        android:minSdkVersion="21"
8-->src\main\AndroidManifest.xml
9        android:targetSdkVersion="32" />
9-->src\main\AndroidManifest.xml
10
11    <uses-permission android:name="com.android.alarm.permission.SET_ALARM" />
11-->src\main\AndroidManifest.xml:4:5-78
11-->src\main\AndroidManifest.xml:4:22-75
12    <uses-permission android:name="android.permission.CALL_PHONE" />
12-->src\main\AndroidManifest.xml:5:5-69
12-->src\main\AndroidManifest.xml:5:22-66
13    <uses-permission android:name="android.permission.WRITE_SMS" />
13-->src\main\AndroidManifest.xml:6:5-68
13-->src\main\AndroidManifest.xml:6:22-65
14    <uses-permission android:name="android.permission.READ_SMS" />
14-->src\main\AndroidManifest.xml:7:5-67
14-->src\main\AndroidManifest.xml:7:22-64
15    <uses-permission android:name="android.permission.RECIEVE_SMS" />
15-->src\main\AndroidManifest.xml:8:5-70
15-->src\main\AndroidManifest.xml:8:22-67
16    <uses-permission android:name="android.permission.SEND_SMS" />
16-->src\main\AndroidManifest.xml:9:5-67
16-->src\main\AndroidManifest.xml:9:22-64
17
18    <application
18-->src\main\AndroidManifest.xml:11:5-35:19
19        android:allowBackup="true"
19-->src\main\AndroidManifest.xml:12:9-35
20        android:appComponentFactory="androidx.core.app.CoreComponentFactory"
20-->[androidx.core:core:1.8.0] AndroidManifest.xml:24:18-86
21        android:dataExtractionRules="@xml/data_extraction_rules"
21-->src\main\AndroidManifest.xml:13:9-65
22        android:debuggable="true"
23        android:fullBackupContent="@xml/backup_rules"
23-->src\main\AndroidManifest.xml:14:9-54
24        android:icon="@mipmap/ic_launcher"
24-->src\main\AndroidManifest.xml:15:9-43
25        android:label="@string/app_name"
25-->src\main\AndroidManifest.xml:16:9-41
26        android:roundIcon="@mipmap/ic_launcher_round"
26-->src\main\AndroidManifest.xml:17:9-54
27        android:supportsRtl="true"
27-->src\main\AndroidManifest.xml:18:9-35
28        android:testOnly="true"
29        android:theme="@style/Theme.AlarmaLlamada" >
29-->src\main\AndroidManifest.xml:19:9-51
30        <activity
30-->src\main\AndroidManifest.xml:21:9-34:20
31            android:name="com.example.alarmallamada.MainActivity"
31-->src\main\AndroidManifest.xml:22:13-41
32            android:exported="true" >
32-->src\main\AndroidManifest.xml:23:13-36
33            <intent-filter>
33-->src\main\AndroidManifest.xml:24:13-29:29
34                <action android:name="android.intent.action.MAIN" />
34-->src\main\AndroidManifest.xml:25:17-69
34-->src\main\AndroidManifest.xml:25:25-66
35                <action android:name="android.intent.action.SET_ALARM" />
35-->src\main\AndroidManifest.xml:26:17-74
35-->src\main\AndroidManifest.xml:26:25-71
36                <action android:name="com.google.android.gms.actions.SEARCH_ACTION" />
36-->src\main\AndroidManifest.xml:27:17-86
36-->src\main\AndroidManifest.xml:27:25-84
37
38                <category android:name="android.intent.category.LAUNCHER" />
38-->src\main\AndroidManifest.xml:28:17-77
38-->src\main\AndroidManifest.xml:28:27-74
39            </intent-filter>
40
41            <meta-data
41-->src\main\AndroidManifest.xml:31:13-33:36
42                android:name="android.app.lib_name"
42-->src\main\AndroidManifest.xml:32:17-52
43                android:value="" />
43-->src\main\AndroidManifest.xml:33:17-33
44        </activity>
45
46        <provider
46-->[androidx.emoji2:emoji2:1.2.0] AndroidManifest.xml:24:9-32:20
47            android:name="androidx.startup.InitializationProvider"
47-->[androidx.emoji2:emoji2:1.2.0] AndroidManifest.xml:25:13-67
48            android:authorities="com.example.alarmallamada.androidx-startup"
48-->[androidx.emoji2:emoji2:1.2.0] AndroidManifest.xml:26:13-68
49            android:exported="false" >
49-->[androidx.emoji2:emoji2:1.2.0] AndroidManifest.xml:27:13-37
50            <meta-data
50-->[androidx.emoji2:emoji2:1.2.0] AndroidManifest.xml:29:13-31:52
51                android:name="androidx.emoji2.text.EmojiCompatInitializer"
51-->[androidx.emoji2:emoji2:1.2.0] AndroidManifest.xml:30:17-75
52                android:value="androidx.startup" />
52-->[androidx.emoji2:emoji2:1.2.0] AndroidManifest.xml:31:17-49
53            <meta-data
53-->[androidx.lifecycle:lifecycle-process:2.4.1] AndroidManifest.xml:31:13-33:52
54                android:name="androidx.lifecycle.ProcessLifecycleInitializer"
54-->[androidx.lifecycle:lifecycle-process:2.4.1] AndroidManifest.xml:32:17-78
55                android:value="androidx.startup" />
55-->[androidx.lifecycle:lifecycle-process:2.4.1] AndroidManifest.xml:33:17-49
56        </provider>
57    </application>
58
59</manifest>